<?xml version="1.0" encoding="UTF-8"?>
<testsuite xmlns:xsi="http://www.w3.org/2001/XMLSchema-instance" xsi:noNamespaceSchemaLocation="https://maven.apache.org/surefire/maven-surefire-plugin/xsd/surefire-test-report.xsd" version="3.0.2" name="com.itheima.consultant.service.ReservationServiceTest" time="0.018" tests="3" errors="0" skipped="0" failures="0">
  <properties>
[...]
</properties>
  <testcase name="testInsert_Success" classname="com.itheima.consultant.service.ReservationServiceTest" time="0.005"/>
  <testcase name="testFindByPhone_NoData_ReturnEmptyList" classname="com.itheima.consultant.service.ReservationServiceTest" time="0.005"/>
  <testcase name="testFindByPhone_HasData_ReturnList" classname="com.itheima.consultant.service.ReservationServiceTest" time="0.004"/>
</testsuite>